{"level":"info","message":"App running on port 5000...","timestamp":"2026-01-11T14:21:46.418Z"}
{"cause":{"commonWireVersion":0,"compatible":true,"heartbeatFrequencyMS":10000,"localThresholdMS":15,"logicalSessionTimeoutMinutes":null,"maxElectionId":null,"maxSetVersion":null,"servers":{"localhost:27017":{"$clusterTime":null,"address":"localhost:27017","arbiters":[],"electionId":null,"error":{"beforeHandshake":false,"errorLabelSet":{}},"hosts":[],"iscryptd":false,"lastUpdateTime":19735375,"lastWriteDate":0,"logicalSessionTimeoutMinutes":null,"maxBsonObjectSize":null,"maxMessageSizeBytes":null,"maxWireVersion":0,"maxWriteBatchSize":null,"me":null,"minRoundTripTime":0,"minWireVersion":0,"passives":[],"primary":null,"roundTripTime":-1,"setName":null,"setVersion":null,"tags":{},"topologyVersion":null,"type":"Unknown"}},"setName":null,"stale":false,"type":"Unknown"},"errorLabelSet":{},"level":"error","message":"DB Connection Failed: connect ECONNREFUSED ::1:27017, connect ECONNREFUSED 127.0.0.1:27017","reason":{"commonWireVersion":0,"compatible":true,"heartbeatFrequencyMS":10000,"localThresholdMS":15,"logicalSessionTimeoutMinutes":null,"maxElectionId":null,"maxSetVersion":null,"servers":{"localhost:27017":{"$clusterTime":null,"address":"localhost:27017","arbiters":[],"electionId":null,"error":{"beforeHandshake":false,"errorLabelSet":{}},"hosts":[],"iscryptd":false,"lastUpdateTime":19735375,"lastWriteDate":0,"logicalSessionTimeoutMinutes":null,"maxBsonObjectSize":null,"maxMessageSizeBytes":null,"maxWireVersion":0,"maxWriteBatchSize":null,"me":null,"minRoundTripTime":0,"minWireVersion":0,"passives":[],"primary":null,"roundTripTime":-1,"setName":null,"setVersion":null,"tags":{},"topologyVersion":null,"type":"Unknown"}},"setName":null,"stale":false,"type":"Unknown"},"stack":"MongooseServerSelectionError: connect ECONNREFUSED ::1:27017, connect ECONNREFUSED 127.0.0.1:27017\n    at _handleConnectionErrors (D:\\vision\\server\\node_modules\\mongoose\\lib\\connection.js:1169:11)\n    at NativeConnection.openUri (D:\\vision\\server\\node_modules\\mongoose\\lib\\connection.js:1100:11)\n    at runNextTicks (node:internal/process/task_queues:64:5)\n    at listOnTimeout (node:internal/timers:567:9)\n    at process.processTimers (node:internal/timers:541:7)","timestamp":"2026-01-11T14:22:16.432Z"}
{"level":"info","message":"App running on port 5000...","timestamp":"2026-01-11T14:25:16.441Z"}
{"cause":{"commonWireVersion":0,"compatible":true,"heartbeatFrequencyMS":10000,"localThresholdMS":15,"logicalSessionTimeoutMinutes":null,"maxElectionId":null,"maxSetVersion":null,"servers":{"localhost:27017":{"$clusterTime":null,"address":"localhost:27017","arbiters":[],"electionId":null,"error":{"beforeHandshake":false,"errorLabelSet":{}},"hosts":[],"iscryptd":false,"lastUpdateTime":19945193,"lastWriteDate":0,"logicalSessionTimeoutMinutes":null,"maxBsonObjectSize":null,"maxMessageSizeBytes":null,"maxWireVersion":0,"maxWriteBatchSize":null,"me":null,"minRoundTripTime":0,"minWireVersion":0,"passives":[],"primary":null,"roundTripTime":-1,"setName":null,"setVersion":null,"tags":{},"topologyVersion":null,"type":"Unknown"}},"setName":null,"stale":false,"type":"Unknown"},"errorLabelSet":{},"level":"error","message":"DB Connection Failed: connect ECONNREFUSED ::1:27017, connect ECONNREFUSED 127.0.0.1:27017","reason":{"commonWireVersion":0,"compatible":true,"heartbeatFrequencyMS":10000,"localThresholdMS":15,"logicalSessionTimeoutMinutes":null,"maxElectionId":null,"maxSetVersion":null,"servers":{"localhost:27017":{"$clusterTime":null,"address":"localhost:27017","arbiters":[],"electionId":null,"error":{"beforeHandshake":false,"errorLabelSet":{}},"hosts":[],"iscryptd":false,"lastUpdateTime":19945193,"lastWriteDate":0,"logicalSessionTimeoutMinutes":null,"maxBsonObjectSize":null,"maxMessageSizeBytes":null,"maxWireVersion":0,"maxWriteBatchSize":null,"me":null,"minRoundTripTime":0,"minWireVersion":0,"passives":[],"primary":null,"roundTripTime":-1,"setName":null,"setVersion":null,"tags":{},"topologyVersion":null,"type":"Unknown"}},"setName":null,"stale":false,"type":"Unknown"},"stack":"MongooseServerSelectionError: connect ECONNREFUSED ::1:27017, connect ECONNREFUSED 127.0.0.1:27017\n    at _handleConnectionErrors (D:\\vision\\server\\node_modules\\mongoose\\lib\\connection.js:1169:11)\n    at NativeConnection.openUri (D:\\vision\\server\\node_modules\\mongoose\\lib\\connection.js:1100:11)","timestamp":"2026-01-11T14:25:46.439Z"}
{"level":"info","message":"App running on port 5000...","timestamp":"2026-01-11T14:28:57.951Z"}
{"level":"info","message":"App running on port 5000...","timestamp":"2026-01-11T14:59:52.077Z"}
{"level":"info","message":"DB connection successful!","timestamp":"2026-01-11T14:59:52.095Z"}
{"_message":"User validation failed","errors":{"password":{"kind":"minlength","message":"Path `password` (`test`, length 4) is shorter than the minimum allowed length (8).","name":"ValidatorError","path":"password","properties":{"length":4,"message":"Path `password` (`test`, length 4) is shorter than the minimum allowed length (8).","minlength":8,"path":"password","type":"minlength","value":"test"},"value":"test"}},"level":"error","message":"Signup Error: User validation failed: password: Path `password` (`test`, length 4) is shorter than the minimum allowed length (8).","stack":"ValidationError: User validation failed: password: Path `password` (`test`, length 4) is shorter than the minimum allowed length (8).\n    at Document.invalidate (D:\\vision\\server\\node_modules\\mongoose\\lib\\document.js:3373:32)\n    at D:\\vision\\server\\node_modules\\mongoose\\lib\\document.js:3134:17\n    at D:\\vision\\server\\node_modules\\mongoose\\lib\\schemaType.js:1446:9\n    at process.processTicksAndRejections (node:internal/process/task_queues:84:11)","timestamp":"2026-01-11T15:24:18.693Z"}
{"level":"info","message":"App running on port 5000...","timestamp":"2026-01-11T15:46:34.353Z"}
{"level":"info","message":"DB connection successful!","timestamp":"2026-01-11T15:46:34.515Z"}
{"level":"info","message":"App running on port 5000...","timestamp":"2026-01-11T15:54:24.768Z"}
{"level":"info","message":"DB connection successful!","timestamp":"2026-01-11T15:54:24.824Z"}
{"level":"info","message":"App running on port 5000...","timestamp":"2026-01-11T16:06:39.871Z"}
{"level":"info","message":"DB connection successful!","timestamp":"2026-01-11T16:06:39.921Z"}
{"level":"info","message":"App running on port 5000...","timestamp":"2026-01-12T13:05:50.242Z"}
{"level":"info","message":"DB connection successful!","timestamp":"2026-01-12T13:05:50.285Z"}
{"level":"info","message":"App running on port 5000...","timestamp":"2026-01-12T13:06:35.375Z"}
{"level":"info","message":"DB connection successful!","timestamp":"2026-01-12T13:06:35.395Z"}
{"level":"info","message":"App running on port 5000...","timestamp":"2026-01-12T14:51:52.824Z"}
{"level":"info","message":"DB connection successful!","timestamp":"2026-01-12T14:51:52.856Z"}
{"level":"info","message":"App running on port 5000...","timestamp":"2026-01-12T14:56:38.393Z"}
{"level":"info","message":"DB connection successful!","timestamp":"2026-01-12T14:56:38.439Z"}
{"level":"info","message":"App running on port 5000...","timestamp":"2026-01-12T14:59:02.789Z"}
{"level":"info","message":"DB connection successful!","timestamp":"2026-01-12T14:59:02.838Z"}
{"level":"info","message":"App running on port 5000...","timestamp":"2026-01-12T15:04:02.545Z"}
{"level":"info","message":"DB connection successful!","timestamp":"2026-01-12T15:04:02.567Z"}
{"level":"info","message":"App running on port 5000...","timestamp":"2026-01-12T15:06:50.073Z"}
{"level":"info","message":"DB connection successful!","timestamp":"2026-01-12T15:06:50.093Z"}
{"level":"info","message":"App running on port 5000...","timestamp":"2026-01-12T15:16:20.890Z"}
{"level":"info","message":"DB connection successful!","timestamp":"2026-01-12T15:16:20.910Z"}
{"level":"info","message":"App running on port 5000...","timestamp":"2026-01-12T16:51:04.012Z"}
{"level":"info","message":"DB connection successful!","timestamp":"2026-01-12T16:51:04.046Z"}
{"level":"info","message":"App running on port 5000...","timestamp":"2026-01-12T17:28:39.700Z"}
{"level":"info","message":"DB connection successful!","timestamp":"2026-01-12T17:28:39.726Z"}
{"level":"info","message":"App running on port 5000...","timestamp":"2026-01-12T17:44:46.270Z"}
{"level":"info","message":"DB connection successful!","timestamp":"2026-01-12T17:44:46.284Z"}
{"level":"info","message":"App running on port 5000...","timestamp":"2026-01-12T17:46:54.302Z"}
{"level":"info","message":"DB connection successful!","timestamp":"2026-01-12T17:46:54.325Z"}
{"level":"info","message":"App running on port 5000...","timestamp":"2026-01-12T17:53:20.772Z"}
{"level":"info","message":"DB connection successful!","timestamp":"2026-01-12T17:53:20.802Z"}
{"level":"info","message":"App running on port 5000...","timestamp":"2026-01-12T18:17:03.712Z"}
{"level":"info","message":"DB connection successful!","timestamp":"2026-01-12T18:17:03.741Z"}
{"level":"info","message":"App running on port 5000...","timestamp":"2026-01-13T05:10:02.920Z"}
{"level":"info","message":"DB connection successful!","timestamp":"2026-01-13T05:10:02.945Z"}
{"level":"info","message":"App running on port 5000...","timestamp":"2026-01-13T05:26:09.539Z"}
{"level":"info","message":"DB connection successful!","timestamp":"2026-01-13T05:26:09.564Z"}
{"level":"info","message":"App running on port 5000...","timestamp":"2026-01-13T14:44:44.743Z"}
{"level":"info","message":"DB connection successful!","timestamp":"2026-01-13T14:44:44.759Z"}
{"level":"info","message":"App running on port 5000...","timestamp":"2026-01-13T15:41:09.974Z"}
{"level":"info","message":"DB connection successful!","timestamp":"2026-01-13T15:41:09.995Z"}
{"level":"info","message":"App running on port 5000...","timestamp":"2026-01-17T11:07:10.284Z"}
{"level":"info","message":"DB connection successful!","timestamp":"2026-01-17T11:07:10.311Z"}
{"level":"info","message":"App running on port 5000...","timestamp":"2026-01-17T11:29:46.314Z"}
{"level":"info","message":"DB connection successful!","timestamp":"2026-01-17T11:29:46.383Z"}
{"level":"info","message":"App running on port 5000...","timestamp":"2026-01-20T09:20:58.740Z"}
{"level":"info","message":"DB connection successful!","timestamp":"2026-01-20T09:20:58.755Z"}
{"level":"info","message":"App running on port 5000...","timestamp":"2026-01-20T09:40:57.479Z"}
{"level":"info","message":"DB connection successful!","timestamp":"2026-01-20T09:40:57.507Z"}
{"code":11000,"errorLabelSet":{},"errorResponse":{"code":11000,"errmsg":"E11000 duplicate key error collection: signal-platform.users index: email_1 dup key: { email: \"adminteja@gmail.com\" }","index":0,"keyPattern":{"email":1},"keyValue":{"email":"adminteja@gmail.com"}},"index":0,"keyPattern":{"email":1},"keyValue":{"email":"adminteja@gmail.com"},"level":"error","message":"Signup Error: E11000 duplicate key error collection: signal-platform.users index: email_1 dup key: { email: \"adminteja@gmail.com\" }","stack":"MongoServerError: E11000 duplicate key error collection: signal-platform.users index: email_1 dup key: { email: \"adminteja@gmail.com\" }\n    at InsertOneOperation.handleOk (D:\\vision\\server\\node_modules\\mongodb\\lib\\operations\\insert.js:51:19)\n    at tryOperation (D:\\vision\\server\\node_modules\\mongodb\\lib\\operations\\execute_operation.js:214:34)\n    at process.processTicksAndRejections (node:internal/process/task_queues:103:5)\n    at async executeOperation (D:\\vision\\server\\node_modules\\mongodb\\lib\\operations\\execute_operation.js:78:16)\n    at async Collection.insertOne (D:\\vision\\server\\node_modules\\mongodb\\lib\\collection.js:154:16)","timestamp":"2026-01-20T09:46:51.927Z"}
{"level":"info","message":"App running on port 5000...","timestamp":"2026-01-20T10:11:48.264Z"}
{"level":"info","message":"DB connection successful!","timestamp":"2026-01-20T10:11:48.281Z"}
{"level":"info","message":"App running on port 5000...","timestamp":"2026-01-20T10:28:55.625Z"}
{"level":"info","message":"DB connection successful!","timestamp":"2026-01-20T10:28:55.666Z"}
{"level":"info","message":"App running on port 5000...","timestamp":"2026-01-20T10:49:05.151Z"}
{"level":"info","message":"DB connection successful!","timestamp":"2026-01-20T10:49:05.171Z"}
{"level":"info","message":"App running on port 5000...","timestamp":"2026-01-20T10:56:33.679Z"}
{"level":"info","message":"DB connection successful!","timestamp":"2026-01-20T10:56:33.706Z"}
{"level":"info","message":"App running on port 5000...","timestamp":"2026-01-20T11:08:40.572Z"}
{"level":"info","message":"DB connection successful!","timestamp":"2026-01-20T11:08:40.590Z"}
{"level":"info","message":"App running on port 5000...","timestamp":"2026-01-20T11:10:29.593Z"}
{"level":"info","message":"DB connection successful!","timestamp":"2026-01-20T11:10:29.610Z"}
{"level":"info","message":"App running on port 5000...","timestamp":"2026-01-20T11:11:54.609Z"}
{"level":"info","message":"DB connection successful!","timestamp":"2026-01-20T11:11:54.633Z"}
{"level":"info","message":"App running on port 5000...","timestamp":"2026-01-20T11:16:18.213Z"}
{"level":"info","message":"DB connection successful!","timestamp":"2026-01-20T11:16:18.237Z"}
{"level":"info","message":"App running on port 5000...","timestamp":"2026-01-20T11:18:53.274Z"}
{"level":"info","message":"DB connection successful!","timestamp":"2026-01-20T11:18:53.325Z"}
{"level":"info","message":"App running on port 5000...","timestamp":"2026-01-21T12:43:06.429Z"}
{"level":"info","message":"DB connection successful!","timestamp":"2026-01-21T12:43:06.508Z"}
{"level":"info","message":"App running on port 5000...","timestamp":"2026-01-21T12:46:54.577Z"}
{"level":"info","message":"DB connection successful!","timestamp":"2026-01-21T12:46:54.606Z"}
{"level":"info","message":"App running on port 5000...","timestamp":"2026-01-21T12:50:55.601Z"}
{"level":"info","message":"DB connection successful!","timestamp":"2026-01-21T12:50:55.645Z"}
{"level":"info","message":"App running on port 5000...","timestamp":"2026-01-21T12:56:28.727Z"}
{"level":"info","message":"DB connection successful!","timestamp":"2026-01-21T12:56:28.747Z"}
{"level":"info","message":"App running on port 5000...","timestamp":"2026-01-21T13:08:51.492Z"}
{"level":"info","message":"DB connection successful!","timestamp":"2026-01-21T13:08:51.507Z"}
{"level":"info","message":"App running on port 5000...","timestamp":"2026-01-21T13:42:01.299Z"}
{"level":"info","message":"DB connection successful!","timestamp":"2026-01-21T13:42:01.338Z"}
{"_message":"User validation failed","errors":{"password":{"kind":"minlength","message":"Path `password` (`123456`, length 6) is shorter than the minimum allowed length (8).","name":"ValidatorError","path":"password","properties":{"length":6,"message":"Path `password` (`123456`, length 6) is shorter than the minimum allowed length (8).","minlength":8,"path":"password","type":"minlength","value":"123456"},"value":"123456"}},"level":"error","message":"Signup Error: User validation failed: password: Path `password` (`123456`, length 6) is shorter than the minimum allowed length (8).","stack":"ValidationError: User validation failed: password: Path `password` (`123456`, length 6) is shorter than the minimum allowed length (8).\n    at Document.invalidate (D:\\vision\\server\\node_modules\\mongoose\\lib\\document.js:3373:32)\n    at D:\\vision\\server\\node_modules\\mongoose\\lib\\document.js:3134:17\n    at D:\\vision\\server\\node_modules\\mongoose\\lib\\schemaType.js:1446:9\n    at process.processTicksAndRejections (node:internal/process/task_queues:84:11)","timestamp":"2026-01-21T13:45:51.437Z"}
{"level":"info","message":"App running on port 5000...","timestamp":"2026-01-21T13:47:11.489Z"}
{"level":"info","message":"DB connection successful!","timestamp":"2026-01-21T13:47:11.503Z"}
{"level":"info","message":"App running on port 5000...","timestamp":"2026-01-21T13:55:01.283Z"}
{"level":"info","message":"DB connection successful!","timestamp":"2026-01-21T13:55:01.296Z"}
{"level":"info","message":"App running on port 5000...","timestamp":"2026-01-21T13:58:26.536Z"}
{"level":"info","message":"DB connection successful!","timestamp":"2026-01-21T13:58:26.564Z"}
{"level":"info","message":"App running on port 5000...","timestamp":"2026-01-21T13:59:31.190Z"}
{"level":"info","message":"DB connection successful!","timestamp":"2026-01-21T13:59:31.212Z"}
{"level":"info","message":"App running on port 5000...","timestamp":"2026-01-21T14:10:45.398Z"}
{"level":"info","message":"DB connection successful!","timestamp":"2026-01-21T14:10:45.423Z"}
{"level":"info","message":"App running on port 5000...","timestamp":"2026-01-21T15:48:05.368Z"}
{"level":"info","message":"DB connection successful!","timestamp":"2026-01-21T15:48:05.416Z"}
{"level":"info","message":"App running on port 5000...","timestamp":"2026-01-21T15:54:57.627Z"}
{"level":"info","message":"DB connection successful!","timestamp":"2026-01-21T15:54:57.709Z"}
{"level":"info","message":"App running on port 5000...","timestamp":"2026-01-21T16:03:44.759Z"}
{"level":"info","message":"DB connection successful!","timestamp":"2026-01-21T16:03:44.860Z"}
{"level":"info","message":"App running on port 5000...","timestamp":"2026-01-21T16:18:10.387Z"}
{"level":"info","message":"DB connection successful!","timestamp":"2026-01-21T16:18:10.497Z"}
{"code":11000,"errorLabelSet":{},"errorResponse":{"code":11000,"errmsg":"E11000 duplicate key error collection: signal-platform.users index: email_1 dup key: { email: \"hire@gmail.com\" }","index":0,"keyPattern":{"email":1},"keyValue":{"email":"hire@gmail.com"}},"index":0,"keyPattern":{"email":1},"keyValue":{"email":"hire@gmail.com"},"level":"error","message":"Signup Error: E11000 duplicate key error collection: signal-platform.users index: email_1 dup key: { email: \"hire@gmail.com\" }","stack":"MongoServerError: E11000 duplicate key error collection: signal-platform.users index: email_1 dup key: { email: \"hire@gmail.com\" }\n    at InsertOneOperation.handleOk (D:\\vision\\server\\node_modules\\mongodb\\lib\\operations\\insert.js:51:19)\n    at tryOperation (D:\\vision\\server\\node_modules\\mongodb\\lib\\operations\\execute_operation.js:214:34)\n    at process.processTicksAndRejections (node:internal/process/task_queues:103:5)\n    at async executeOperation (D:\\vision\\server\\node_modules\\mongodb\\lib\\operations\\execute_operation.js:78:16)\n    at async Collection.insertOne (D:\\vision\\server\\node_modules\\mongodb\\lib\\collection.js:154:16)","timestamp":"2026-01-22T12:47:11.658Z"}
{"level":"info","message":"App running on port 5000...","timestamp":"2026-01-22T12:58:34.325Z"}
{"level":"info","message":"DB connection successful!","timestamp":"2026-01-22T12:58:34.340Z"}
{"level":"info","message":"App running on port 5000...","timestamp":"2026-01-22T13:00:24.716Z"}
{"level":"info","message":"DB connection successful!","timestamp":"2026-01-22T13:00:24.729Z"}
{"level":"info","message":"App running on port 5000...","timestamp":"2026-01-22T13:36:37.158Z"}
{"level":"info","message":"DB connection successful!","timestamp":"2026-01-22T13:36:37.232Z"}
{"level":"info","message":"App running on port 5000...","timestamp":"2026-01-23T06:46:19.325Z"}
{"level":"info","message":"DB connection successful!","timestamp":"2026-01-23T06:46:19.357Z"}
{"level":"info","message":"App running on port 5000...","timestamp":"2026-01-23T07:00:13.099Z"}
{"level":"info","message":"DB connection successful!","timestamp":"2026-01-23T07:00:13.169Z"}
{"level":"info","message":"App running on port 5000...","timestamp":"2026-01-23T07:19:43.723Z"}
{"level":"info","message":"DB connection successful!","timestamp":"2026-01-23T07:19:43.782Z"}
{"level":"info","message":"App running on port 5000...","timestamp":"2026-01-23T07:27:56.896Z"}
{"level":"info","message":"DB connection successful!","timestamp":"2026-01-23T07:27:56.964Z"}
{"level":"info","message":"App running on port 5000...","timestamp":"2026-01-23T07:38:24.220Z"}
{"level":"info","message":"DB connection successful!","timestamp":"2026-01-23T07:38:24.258Z"}
{"level":"info","message":"App running on port 5000...","timestamp":"2026-01-23T08:31:13.706Z"}
{"level":"info","message":"DB connection successful!","timestamp":"2026-01-23T08:31:13.749Z"}
{"level":"info","message":"App running on port 5000...","timestamp":"2026-01-23T09:24:14.609Z"}
{"level":"info","message":"DB connection successful!","timestamp":"2026-01-23T09:24:14.646Z"}
{"code":11000,"errorLabelSet":{},"errorResponse":{"code":11000,"errmsg":"E11000 duplicate key error collection: signal-platform.users index: email_1 dup key: { email: \"akshay@gmail.com\" }","index":0,"keyPattern":{"email":1},"keyValue":{"email":"akshay@gmail.com"}},"index":0,"keyPattern":{"email":1},"keyValue":{"email":"akshay@gmail.com"},"level":"error","message":"Signup Error: E11000 duplicate key error collection: signal-platform.users index: email_1 dup key: { email: \"akshay@gmail.com\" }","stack":"MongoServerError: E11000 duplicate key error collection: signal-platform.users index: email_1 dup key: { email: \"akshay@gmail.com\" }\n    at InsertOneOperation.handleOk (D:\\vision\\server\\node_modules\\mongodb\\lib\\operations\\insert.js:51:19)\n    at tryOperation (D:\\vision\\server\\node_modules\\mongodb\\lib\\operations\\execute_operation.js:214:34)\n    at process.processTicksAndRejections (node:internal/process/task_queues:103:5)\n    at async executeOperation (D:\\vision\\server\\node_modules\\mongodb\\lib\\operations\\execute_operation.js:78:16)\n    at async Collection.insertOne (D:\\vision\\server\\node_modules\\mongodb\\lib\\collection.js:154:16)","timestamp":"2026-01-23T09:52:12.867Z"}
{"code":11000,"errorLabelSet":{},"errorResponse":{"code":11000,"errmsg":"E11000 duplicate key error collection: signal-platform.users index: email_1 dup key: { email: \"akshay@gmail.com\" }","index":0,"keyPattern":{"email":1},"keyValue":{"email":"akshay@gmail.com"}},"index":0,"keyPattern":{"email":1},"keyValue":{"email":"akshay@gmail.com"},"level":"error","message":"Signup Error: E11000 duplicate key error collection: signal-platform.users index: email_1 dup key: { email: \"akshay@gmail.com\" }","stack":"MongoServerError: E11000 duplicate key error collection: signal-platform.users index: email_1 dup key: { email: \"akshay@gmail.com\" }\n    at InsertOneOperation.handleOk (D:\\vision\\server\\node_modules\\mongodb\\lib\\operations\\insert.js:51:19)\n    at tryOperation (D:\\vision\\server\\node_modules\\mongodb\\lib\\operations\\execute_operation.js:214:34)\n    at process.processTicksAndRejections (node:internal/process/task_queues:103:5)\n    at async executeOperation (D:\\vision\\server\\node_modules\\mongodb\\lib\\operations\\execute_operation.js:78:16)\n    at async Collection.insertOne (D:\\vision\\server\\node_modules\\mongodb\\lib\\collection.js:154:16)","timestamp":"2026-01-23T09:52:16.044Z"}
{"level":"info","message":"App running on port 5000...","timestamp":"2026-01-23T10:10:09.242Z"}
{"level":"info","message":"DB connection successful!","timestamp":"2026-01-23T10:10:09.257Z"}
{"level":"info","message":"App running on port 5000...","timestamp":"2026-01-23T10:25:34.133Z"}
{"level":"info","message":"DB connection successful!","timestamp":"2026-01-23T10:25:34.153Z"}
{"level":"info","message":"App running on port 5000...","timestamp":"2026-01-23T10:31:48.890Z"}
{"level":"info","message":"DB connection successful!","timestamp":"2026-01-23T10:31:48.911Z"}
{"level":"info","message":"App running on port 5000...","timestamp":"2026-01-23T10:34:17.671Z"}
{"level":"info","message":"DB connection successful!","timestamp":"2026-01-23T10:34:17.687Z"}
{"level":"info","message":"App running on port 5000...","timestamp":"2026-01-23T10:39:53.995Z"}
{"level":"info","message":"DB connection successful!","timestamp":"2026-01-23T10:39:54.013Z"}
{"level":"info","message":"App running on port 5000...","timestamp":"2026-01-23T10:46:09.001Z"}
{"level":"info","message":"DB connection successful!","timestamp":"2026-01-23T10:46:09.030Z"}
{"level":"info","message":"App running on port 5000...","timestamp":"2026-01-23T10:50:10.496Z"}
{"level":"info","message":"DB connection successful!","timestamp":"2026-01-23T10:50:10.510Z"}
{"level":"info","message":"App running on port 5000...","timestamp":"2026-01-23T10:57:57.174Z"}
{"level":"info","message":"DB connection successful!","timestamp":"2026-01-23T10:57:57.192Z"}
{"level":"info","message":"App running on port 5000...","timestamp":"2026-01-23T11:03:55.238Z"}
{"level":"info","message":"DB connection successful!","timestamp":"2026-01-23T11:03:55.286Z"}
{"level":"info","message":"App running on port 5000...","timestamp":"2026-01-23T13:45:09.441Z"}
{"level":"info","message":"DB connection successful!","timestamp":"2026-01-23T13:45:09.487Z"}
{"level":"info","message":"App running on port 5000...","timestamp":"2026-01-23T14:07:58.897Z"}
{"level":"info","message":"DB connection successful!","timestamp":"2026-01-23T14:07:58.947Z"}
{"level":"info","message":"App running on port 5000...","timestamp":"2026-01-23T14:59:35.226Z"}
{"level":"info","message":"DB connection successful!","timestamp":"2026-01-23T14:59:35.275Z"}
{"level":"info","message":"App running on port 5000...","timestamp":"2026-01-23T15:36:17.759Z"}
{"level":"info","message":"DB connection successful!","timestamp":"2026-01-23T15:36:17.808Z"}
{"level":"info","message":"App running on port 5000...","timestamp":"2026-01-23T15:44:43.121Z"}
{"level":"info","message":"DB connection successful!","timestamp":"2026-01-23T15:44:43.160Z"}
{"level":"info","message":"App running on port 5000...","timestamp":"2026-01-23T17:00:38.660Z"}
{"level":"info","message":"DB connection successful!","timestamp":"2026-01-23T17:00:38.744Z"}
{"level":"info","message":"App running on port 5000...","timestamp":"2026-01-23T17:16:27.727Z"}
{"level":"info","message":"DB connection successful!","timestamp":"2026-01-23T17:16:27.808Z"}
{"level":"info","message":"App running on port 5000...","timestamp":"2026-01-23T22:38:34.357Z"}
{"level":"info","message":"DB connection successful!","timestamp":"2026-01-23T22:38:34.408Z"}
{"level":"info","message":"App running on port 5000...","timestamp":"2026-01-23T22:57:02.773Z"}
{"level":"info","message":"DB connection successful!","timestamp":"2026-01-23T22:57:02.835Z"}
{"level":"info","message":"App running on port 5000...","timestamp":"2026-01-23T23:03:42.960Z"}
{"level":"info","message":"DB connection successful!","timestamp":"2026-01-23T23:03:43.049Z"}
{"level":"info","message":"App running on port 5000...","timestamp":"2026-01-24T00:18:02.743Z"}
{"level":"info","message":"DB connection successful!","timestamp":"2026-01-24T00:18:02.799Z"}
{"code":11000,"errorLabelSet":{},"errorResponse":{"code":11000,"errmsg":"E11000 duplicate key error collection: signal-platform.users index: email_1 dup key: { email: \"test@gmail.com\" }","index":0,"keyPattern":{"email":1},"keyValue":{"email":"test@gmail.com"}},"index":0,"keyPattern":{"email":1},"keyValue":{"email":"test@gmail.com"},"level":"error","message":"Signup Error: E11000 duplicate key error collection: signal-platform.users index: email_1 dup key: { email: \"test@gmail.com\" }","stack":"MongoServerError: E11000 duplicate key error collection: signal-platform.users index: email_1 dup key: { email: \"test@gmail.com\" }\n    at InsertOneOperation.handleOk (D:\\vision\\server\\node_modules\\mongodb\\lib\\operations\\insert.js:51:19)\n    at tryOperation (D:\\vision\\server\\node_modules\\mongodb\\lib\\operations\\execute_operation.js:214:34)\n    at process.processTicksAndRejections (node:internal/process/task_queues:103:5)\n    at async executeOperation (D:\\vision\\server\\node_modules\\mongodb\\lib\\operations\\execute_operation.js:78:16)\n    at async Collection.insertOne (D:\\vision\\server\\node_modules\\mongodb\\lib\\collection.js:154:16)","timestamp":"2026-01-24T03:04:11.766Z"}
{"level":"info","message":"App running on port 5000...","timestamp":"2026-01-24T05:43:47.076Z"}
{"level":"info","message":"DB connection successful!","timestamp":"2026-01-24T05:43:47.139Z"}
{"level":"info","message":"App running on port 5000...","timestamp":"2026-01-24T06:32:57.347Z"}
{"level":"info","message":"DB connection successful!","timestamp":"2026-01-24T06:32:57.400Z"}
{"level":"info","message":"App running on port 5000...","timestamp":"2026-01-27T14:18:28.305Z"}
{"level":"info","message":"DB connection successful!","timestamp":"2026-01-27T14:18:28.362Z"}
{"level":"info","message":"App running on port 5000...","timestamp":"2026-01-27T14:30:36.676Z"}
{"level":"info","message":"DB connection successful!","timestamp":"2026-01-27T14:30:36.764Z"}
